<?xml version="1.0" encoding="utf-8"?>
<coverage line-rate="0.5279" branch-rate="0.7245999999999999" version="1.9" timestamp="1670954635" lines-covered="189" lines-valid="358" branches-covered="100" branches-valid="138">
  <sources>
    <source>/home/ed/trunk/csharp/frarClientServer/frarClientServer/src/</source>
  </sources>
  <packages>
    <package name="frarClientServer" line-rate="0.5279" branch-rate="0.7245999999999999" complexity="185">
      <classes>
        <class name="frar.clientserver.RouteEntry" filename="AttributeRouter/AttributeParser.cs" line-rate="0.6666" branch-rate="1" complexity="2">
          <methods>
            <method name="ToString" signature="()" line-rate="0" branch-rate="1" complexity="1">
              <lines>
                <line number="21" hits="0" branch="False" />
                <line number="22" hits="0" branch="False" />
                <line number="23" hits="0" branch="False" />
              </lines>
            </method>
            <method name=".ctor" signature="(System.Reflection.MethodInfo,System.String,System.Int32,System.Object)" line-rate="1" branch-rate="1" complexity="1">
              <lines>
                <line number="14" hits="790" branch="False" />
                <line number="15" hits="395" branch="False" />
                <line number="16" hits="395" branch="False" />
                <line number="17" hits="395" branch="False" />
                <line number="18" hits="395" branch="False" />
                <line number="19" hits="395" branch="False" />
              </lines>
            </method>
          </methods>
          <lines>
            <line number="21" hits="0" branch="False" />
            <line number="22" hits="0" branch="False" />
            <line number="23" hits="0" branch="False" />
            <line number="14" hits="790" branch="False" />
            <line number="15" hits="395" branch="False" />
            <line number="16" hits="395" branch="False" />
            <line number="17" hits="395" branch="False" />
            <line number="18" hits="395" branch="False" />
            <line number="19" hits="395" branch="False" />
          </lines>
        </class>
        <class name="frar.clientserver.AttributeParser" filename="AttributeRouter/AttributeParser.cs" line-rate="0.39390000000000003" branch-rate="0.4285" complexity="14">
          <methods>
            <method name="SeekOnConnect" signature="(System.Object)" line-rate="0" branch-rate="0" complexity="4">
              <lines>
                <line number="30" hits="0" branch="False" />
                <line number="31" hits="0" branch="False" />
                <line number="32" hits="0" branch="False" />
                <line number="33" hits="0" branch="False" />
                <line number="35" hits="0" branch="True" condition-coverage="0% (0/2)">
                  <conditions>
                    <condition number="77" type="jump" coverage="0%" />
                  </conditions>
                </line>
                <line number="36" hits="0" branch="False" />
                <line number="37" hits="0" branch="True" condition-coverage="0% (0/2)">
                  <conditions>
                    <condition number="54" type="jump" coverage="0%" />
                  </conditions>
                </line>
                <line number="38" hits="0" branch="False" />
                <line number="40" hits="0" branch="False" />
                <line number="41" hits="0" branch="False" />
              </lines>
            </method>
            <method name="SeekOnDisconnect" signature="(System.Object)" line-rate="0" branch-rate="0" complexity="4">
              <lines>
                <line number="43" hits="0" branch="False" />
                <line number="44" hits="0" branch="False" />
                <line number="45" hits="0" branch="False" />
                <line number="46" hits="0" branch="False" />
                <line number="48" hits="0" branch="True" condition-coverage="0% (0/2)">
                  <conditions>
                    <condition number="77" type="jump" coverage="0%" />
                  </conditions>
                </line>
                <line number="49" hits="0" branch="False" />
                <line number="50" hits="0" branch="True" condition-coverage="0% (0/2)">
                  <conditions>
                    <condition number="54" type="jump" coverage="0%" />
                  </conditions>
                </line>
                <line number="51" hits="0" branch="False" />
                <line number="53" hits="0" branch="False" />
                <line number="54" hits="0" branch="False" />
              </lines>
            </method>
            <method name="SeekRoutes" signature="(System.Object)" line-rate="1" branch-rate="1" complexity="6">
              <lines>
                <line number="61" hits="27" branch="False" />
                <line number="62" hits="27" branch="False" />
                <line number="63" hits="27" branch="False" />
                <line number="64" hits="27" branch="False" />
                <line number="66" hits="4218" branch="True" condition-coverage="100% (2/2)">
                  <conditions>
                    <condition number="150" type="jump" coverage="100%" />
                  </conditions>
                </line>
                <line number="67" hits="1379" branch="False" />
                <line number="68" hits="2363" branch="True" condition-coverage="100% (2/2)">
                  <conditions>
                    <condition number="54" type="jump" coverage="100%" />
                  </conditions>
                </line>
                <line number="70" hits="395" branch="False" />
                <line number="71" hits="782" branch="True" condition-coverage="100% (2/2)">
                  <conditions>
                    <condition number="83" type="jump" coverage="100%" />
                  </conditions>
                </line>
                <line number="73" hits="395" branch="False" />
                <line number="74" hits="395" branch="False" />
                <line number="76" hits="27" branch="False" />
                <line number="77" hits="27" branch="False" />
              </lines>
            </method>
          </methods>
          <lines>
            <line number="30" hits="0" branch="False" />
            <line number="31" hits="0" branch="False" />
            <line number="32" hits="0" branch="False" />
            <line number="33" hits="0" branch="False" />
            <line number="35" hits="0" branch="True" condition-coverage="0% (0/2)">
              <conditions>
                <condition number="77" type="jump" coverage="0%" />
              </conditions>
            </line>
            <line number="36" hits="0" branch="False" />
            <line number="37" hits="0" branch="True" condition-coverage="0% (0/2)">
              <conditions>
                <condition number="54" type="jump" coverage="0%" />
              </conditions>
            </line>
            <line number="38" hits="0" branch="False" />
            <line number="40" hits="0" branch="False" />
            <line number="41" hits="0" branch="False" />
            <line number="43" hits="0" branch="False" />
            <line number="44" hits="0" branch="False" />
            <line number="45" hits="0" branch="False" />
            <line number="46" hits="0" branch="False" />
            <line number="48" hits="0" branch="True" condition-coverage="0% (0/2)">
              <conditions>
                <condition number="77" type="jump" coverage="0%" />
              </conditions>
            </line>
            <line number="49" hits="0" branch="False" />
            <line number="50" hits="0" branch="True" condition-coverage="0% (0/2)">
              <conditions>
                <condition number="54" type="jump" coverage="0%" />
              </conditions>
            </line>
            <line number="51" hits="0" branch="False" />
            <line number="53" hits="0" branch="False" />
            <line number="54" hits="0" branch="False" />
            <line number="61" hits="27" branch="False" />
            <line number="62" hits="27" branch="False" />
            <line number="63" hits="27" branch="False" />
            <line number="64" hits="27" branch="False" />
            <line number="66" hits="4218" branch="True" condition-coverage="100% (2/2)">
              <conditions>
                <condition number="150" type="jump" coverage="100%" />
              </conditions>
            </line>
            <line number="67" hits="1379" branch="False" />
            <line number="68" hits="2363" branch="True" condition-coverage="100% (2/2)">
              <conditions>
                <condition number="54" type="jump" coverage="100%" />
              </conditions>
            </line>
            <line number="70" hits="395" branch="False" />
            <line number="71" hits="782" branch="True" condition-coverage="100% (2/2)">
              <conditions>
                <condition number="83" type="jump" coverage="100%" />
              </conditions>
            </line>
            <line number="73" hits="395" branch="False" />
            <line number="74" hits="395" branch="False" />
            <line number="76" hits="27" branch="False" />
            <line number="77" hits="27" branch="False" />
          </lines>
        </class>
        <class name="frar.clientserver.Route" filename="AttributeRouter/Attributes.cs" line-rate="0.6153" branch-rate="1" complexity="7">
          <methods>
            <method name="get_Rule" signature="()" line-rate="1" branch-rate="1" complexity="1">
              <lines>
                <line number="30" hits="1185" branch="False" />
              </lines>
            </method>
            <method name="set_Rule" signature="(System.String)" line-rate="1" branch-rate="1" complexity="1">
              <lines>
                <line number="31" hits="48" branch="False" />
              </lines>
            </method>
            <method name="get_Index" signature="()" line-rate="1" branch-rate="1" complexity="1">
              <lines>
                <line number="36" hits="1185" branch="False" />
              </lines>
            </method>
            <method name="set_Index" signature="(System.Int32)" line-rate="1" branch-rate="1" complexity="1">
              <lines>
                <line number="37" hits="60" branch="False" />
              </lines>
            </method>
            <method name="get_Method" signature="()" line-rate="0" branch-rate="1" complexity="1">
              <lines>
                <line number="41" hits="0" branch="False" />
              </lines>
            </method>
            <method name=".ctor" signature="(System.String)" line-rate="0" branch-rate="1" complexity="1">
              <lines>
                <line number="44" hits="0" branch="False" />
                <line number="45" hits="0" branch="False" />
                <line number="46" hits="0" branch="False" />
                <line number="47" hits="0" branch="False" />
              </lines>
            </method>
            <method name=".ctor" signature="()" line-rate="1" branch-rate="1" complexity="1">
              <lines>
                <line number="49" hits="844" branch="False" />
                <line number="50" hits="422" branch="False" />
                <line number="51" hits="422" branch="False" />
                <line number="52" hits="422" branch="False" />
              </lines>
            </method>
          </methods>
          <lines>
            <line number="30" hits="1185" branch="False" />
            <line number="31" hits="48" branch="False" />
            <line number="36" hits="1185" branch="False" />
            <line number="37" hits="60" branch="False" />
            <line number="41" hits="0" branch="False" />
            <line number="44" hits="0" branch="False" />
            <line number="45" hits="0" branch="False" />
            <line number="46" hits="0" branch="False" />
            <line number="47" hits="0" branch="False" />
            <line number="49" hits="844" branch="False" />
            <line number="50" hits="422" branch="False" />
            <line number="51" hits="422" branch="False" />
            <line number="52" hits="422" branch="False" />
          </lines>
        </class>
        <class name="frar.clientserver.MissingParameterException" filename="AttributeRouter/MissingParameterException.cs" line-rate="0" branch-rate="1" complexity="2">
          <methods>
            <method name=".ctor" signature="(System.String,System.String)" line-rate="0" branch-rate="1" complexity="1">
              <lines>
                <line number="9" hits="0" branch="False" />
              </lines>
            </method>
            <method name=".ctor" signature="(System.String,System.String,System.Exception)" line-rate="0" branch-rate="1" complexity="1">
              <lines>
                <line number="12" hits="0" branch="False" />
              </lines>
            </method>
          </methods>
          <lines>
            <line number="9" hits="0" branch="False" />
            <line number="12" hits="0" branch="False" />
          </lines>
        </class>
        <class name="frar.clientserver.ThreadedRouter" filename="AttributeRouter/ThreadedRouter.cs" line-rate="0.7904000000000001" branch-rate="0.8829" complexity="97">
          <methods>
            <method name="get_TerminateRoute" signature="()" line-rate="1" branch-rate="1" complexity="1">
              <lines>
                <line number="19" hits="440" branch="False" />
              </lines>
            </method>
            <method name="AddHandler" signature="(System.Object)" line-rate="1" branch-rate="1" complexity="2">
              <lines>
                <line number="22" hits="27" branch="False" />
                <line number="23" hits="1266" branch="True" condition-coverage="100% (2/2)">
                  <conditions>
                    <condition number="46" type="jump" coverage="100%" />
                  </conditions>
                </line>
                <line number="24" hits="395" branch="False" />
                <line number="25" hits="395" branch="False" />
                <line number="27" hits="397" branch="False" />
                <line number="28" hits="370" branch="False" />
                <line number="29" hits="397" branch="False" />
                <line number="30" hits="27" branch="False" />
              </lines>
            </method>
            <method name="get_Routes" signature="()" line-rate="0" branch-rate="1" complexity="1">
              <lines>
                <line number="36" hits="0" branch="False" />
              </lines>
            </method>
            <method name="OnConnect" signature="(frar.clientserver.Connection)" line-rate="0" branch-rate="0" complexity="2">
              <lines>
                <line number="44" hits="0" branch="False" />
                <line number="45" hits="0" branch="False" />
                <line number="47" hits="0" branch="True" condition-coverage="0% (0/2)">
                  <conditions>
                    <condition number="59" type="jump" coverage="0%" />
                  </conditions>
                </line>
                <line number="48" hits="0" branch="False" />
                <line number="49" hits="0" branch="False" />
                <line number="50" hits="0" branch="False" />
              </lines>
            </method>
            <method name="OnDisconnect" signature="(frar.clientserver.DISCONNECT_REASON)" line-rate="0" branch-rate="0" complexity="2">
              <lines>
                <line number="58" hits="0" branch="False" />
                <line number="59" hits="0" branch="False" />
                <line number="60" hits="0" branch="True" condition-coverage="0% (0/2)">
                  <conditions>
                    <condition number="64" type="jump" coverage="0%" />
                  </conditions>
                </line>
                <line number="61" hits="0" branch="False" />
                <line number="62" hits="0" branch="False" />
                <line number="63" hits="0" branch="False" />
              </lines>
            </method>
            <method name="Process" signature="(frar.clientserver.Packet)" line-rate="0.826" branch-rate="0.9285" complexity="14">
              <lines>
                <line number="71" hits="28" branch="False" />
                <line number="72" hits="28" branch="False" />
                <line number="73" hits="1316" branch="True" condition-coverage="100% (2/2)">
                  <conditions>
                    <condition number="393" type="jump" coverage="100%" />
                  </conditions>
                </line>
                <line number="74" hits="412" branch="True" condition-coverage="100% (2/2)">
                  <conditions>
                    <condition number="44" type="jump" coverage="100%" />
                  </conditions>
                </line>
                <line number="76" hits="410" branch="False" />
                <line number="77" hits="444" branch="True" condition-coverage="100% (2/2)">
                  <conditions>
                    <condition number="87" type="jump" coverage="100%" />
                  </conditions>
                </line>
                <line number="78" hits="34" branch="False" />
                <line number="80" hits="34" branch="False" />
                <line number="84" hits="207" branch="True" condition-coverage="100% (2/2)">
                  <conditions>
                    <condition number="215" type="jump" coverage="100%" />
                  </conditions>
                </line>
                <line number="85" hits="35" branch="True" condition-coverage="100% (2/2)">
                  <conditions>
                    <condition number="148" type="jump" coverage="100%" />
                  </conditions>
                </line>
                <line number="86" hits="39" branch="True" condition-coverage="100% (2/2)">
                  <conditions>
                    <condition number="167" type="jump" coverage="100%" />
                  </conditions>
                </line>
                <line number="87" hits="31" branch="False" />
                <line number="88" hits="62" branch="True" condition-coverage="50% (1/2)">
                  <conditions>
                    <condition number="198" type="jump" coverage="50%" />
                  </conditions>
                </line>
                <line number="89" hits="0" branch="False" />
                <line number="91" hits="34" branch="False" />
                <line number="92" hits="34" branch="False" />
                <line number="93" hits="34" branch="False" />
                <line number="94" hits="0" branch="False" />
                <line number="95" hits="0" branch="False" />
                <line number="96" hits="0" branch="False" />
                <line number="98" hits="34" branch="False" />
                <line number="99" hits="410" branch="False" />
                <line number="100" hits="28" branch="False" />
              </lines>
            </method>
            <method name="CheckDefault" signature="(System.Reflection.MethodInfo,System.Reflection.ParameterInfo,frar.clientserver.Packet,System.Collections.Generic.List`1&lt;System.Object&gt;)" line-rate="0.75" branch-rate="0.6666" complexity="6">
              <lines>
                <line number="109" hits="35" branch="False" />
                <line number="110" hits="35" branch="True" condition-coverage="50% (1/2)">
                  <conditions>
                    <condition number="12" type="jump" coverage="50%" />
                  </conditions>
                </line>
                <line number="111" hits="66" branch="True" condition-coverage="100% (2/2)">
                  <conditions>
                    <condition number="32" type="jump" coverage="100%" />
                  </conditions>
                </line>
                <line number="112" hits="4" branch="True" condition-coverage="50% (1/2)">
                  <conditions>
                    <condition number="46" type="jump" coverage="50%" />
                  </conditions>
                </line>
                <line number="113" hits="0" branch="False" />
                <line number="114" hits="0" branch="False" />
                <line number="116" hits="4" branch="False" />
                <line number="117" hits="35" branch="False" />
              </lines>
            </method>
            <method name="CheckParameterExists" signature="(System.Reflection.MethodInfo,System.Reflection.ParameterInfo,frar.clientserver.Packet)" line-rate="0.8" branch-rate="0.75" complexity="4">
              <lines>
                <line number="119" hits="31" branch="False" />
                <line number="120" hits="31" branch="True" condition-coverage="100% (2/2)">
                  <conditions>
                    <condition number="12" type="jump" coverage="100%" />
                  </conditions>
                </line>
                <line number="121" hits="62" branch="True" condition-coverage="50% (1/2)">
                  <conditions>
                    <condition number="30" type="jump" coverage="50%" />
                  </conditions>
                </line>
                <line number="122" hits="0" branch="False" />
                <line number="123" hits="31" branch="False" />
              </lines>
            </method>
            <method name="SeekReqAnnotation" signature="(System.Reflection.ParameterInfo,frar.clientserver.Packet,System.Collections.Generic.List`1&lt;System.Object&gt;)" line-rate="1" branch-rate="1" complexity="2">
              <lines>
                <line number="132" hits="35" branch="False" />
                <line number="133" hits="35" branch="False" />
                <line number="134" hits="66" branch="True" condition-coverage="100% (2/2)">
                  <conditions>
                    <condition number="14" type="jump" coverage="100%" />
                  </conditions>
                </line>
                <line number="135" hits="4" branch="False" />
                <line number="136" hits="4" branch="False" />
                <line number="137" hits="35" branch="False" />
              </lines>
            </method>
            <method name="TypeCheckParameters" signature="(System.Reflection.ParameterInfo,frar.clientserver.Packet,System.Collections.Generic.List`1&lt;System.Object&gt;)" line-rate="0.9473" branch-rate="0.9516" complexity="62">
              <lines>
                <line number="146" hits="31" branch="False" />
                <line number="147" hits="31" branch="False" />
                <line number="148" hits="31" branch="False" />
                <line number="149" hits="31" branch="False" />
                <line number="150" hits="31" branch="True" condition-coverage="50% (1/2)">
                  <conditions>
                    <condition number="48" type="jump" coverage="50%" />
                  </conditions>
                </line>
                <line number="152" hits="31" branch="False" />
                <line number="154" hits="31" branch="True" condition-coverage="96.66% (58/60)">
                  <conditions>
                    <condition number="101" type="jump" coverage="100%" />
                    <condition number="110" type="jump" coverage="100%" />
                    <condition number="119" type="jump" coverage="100%" />
                    <condition number="133" type="jump" coverage="50%" />
                    <condition number="164" type="jump" coverage="100%" />
                    <condition number="178" type="jump" coverage="100%" />
                    <condition number="209" type="jump" coverage="100%" />
                    <condition number="218" type="jump" coverage="100%" />
                    <condition number="232" type="jump" coverage="100%" />
                    <condition number="263" type="jump" coverage="100%" />
                    <condition number="272" type="jump" coverage="100%" />
                    <condition number="297" type="jump" coverage="100%" />
                    <condition number="283" type="jump" coverage="100%" />
                    <condition number="246" type="jump" coverage="100%" />
                    <condition number="192" type="jump" coverage="100%" />
                    <condition number="311" type="jump" coverage="100%" />
                    <condition number="147" type="jump" coverage="100%" />
                    <condition number="332" type="jump" coverage="100%" />
                    <condition number="353" type="jump" coverage="100%" />
                    <condition number="374" type="jump" coverage="100%" />
                    <condition number="395" type="jump" coverage="100%" />
                    <condition number="416" type="jump" coverage="100%" />
                    <condition number="437" type="jump" coverage="50%" />
                    <condition number="458" type="jump" coverage="100%" />
                    <condition number="479" type="jump" coverage="100%" />
                    <condition number="500" type="jump" coverage="100%" />
                    <condition number="521" type="jump" coverage="100%" />
                    <condition number="542" type="jump" coverage="100%" />
                    <condition number="563" type="jump" coverage="100%" />
                    <condition number="584" type="jump" coverage="100%" />
                  </conditions>
                </line>
                <line number="156" hits="3" branch="False" />
                <line number="157" hits="3" branch="False" />
                <line number="159" hits="2" branch="False" />
                <line number="160" hits="2" branch="False" />
                <line number="162" hits="2" branch="False" />
                <line number="163" hits="2" branch="False" />
                <line number="165" hits="1" branch="False" />
                <line number="166" hits="1" branch="False" />
                <line number="168" hits="2" branch="False" />
                <line number="169" hits="2" branch="False" />
                <line number="171" hits="0" branch="False" />
                <line number="172" hits="0" branch="False" />
                <line number="174" hits="2" branch="False" />
                <line number="175" hits="2" branch="False" />
                <line number="177" hits="2" branch="False" />
                <line number="178" hits="2" branch="False" />
                <line number="180" hits="2" branch="False" />
                <line number="181" hits="2" branch="False" />
                <line number="183" hits="2" branch="False" />
                <line number="184" hits="2" branch="False" />
                <line number="186" hits="2" branch="False" />
                <line number="187" hits="2" branch="False" />
                <line number="189" hits="2" branch="False" />
                <line number="190" hits="2" branch="False" />
                <line number="192" hits="2" branch="False" />
                <line number="193" hits="2" branch="False" />
                <line number="195" hits="7" branch="False" />
                <line number="196" hits="7" branch="False" />
                <line number="199" hits="31" branch="False" />
                <line number="200" hits="31" branch="False" />
                <line number="201" hits="31" branch="False" />
              </lines>
            </method>
            <method name=".ctor" signature="()" line-rate="1" branch-rate="1" complexity="1">
              <lines>
                <line number="11" hits="27" branch="False" />
                <line number="12" hits="27" branch="False" />
                <line number="20" hits="27" branch="False" />
              </lines>
            </method>
          </methods>
          <lines>
            <line number="19" hits="440" branch="False" />
            <line number="22" hits="27" branch="False" />
            <line number="23" hits="1266" branch="True" condition-coverage="100% (2/2)">
              <conditions>
                <condition number="46" type="jump" coverage="100%" />
              </conditions>
            </line>
            <line number="24" hits="395" branch="False" />
            <line number="25" hits="395" branch="False" />
            <line number="27" hits="397" branch="False" />
            <line number="28" hits="370" branch="False" />
            <line number="29" hits="397" branch="False" />
            <line number="30" hits="27" branch="False" />
            <line number="36" hits="0" branch="False" />
            <line number="44" hits="0" branch="False" />
            <line number="45" hits="0" branch="False" />
            <line number="47" hits="0" branch="True" condition-coverage="0% (0/2)">
              <conditions>
                <condition number="59" type="jump" coverage="0%" />
              </conditions>
            </line>
            <line number="48" hits="0" branch="False" />
            <line number="49" hits="0" branch="False" />
            <line number="50" hits="0" branch="False" />
            <line number="58" hits="0" branch="False" />
            <line number="59" hits="0" branch="False" />
            <line number="60" hits="0" branch="True" condition-coverage="0% (0/2)">
              <conditions>
                <condition number="64" type="jump" coverage="0%" />
              </conditions>
            </line>
            <line number="61" hits="0" branch="False" />
            <line number="62" hits="0" branch="False" />
            <line number="63" hits="0" branch="False" />
            <line number="71" hits="28" branch="False" />
            <line number="72" hits="28" branch="False" />
            <line number="73" hits="1316" branch="True" condition-coverage="100% (2/2)">
              <conditions>
                <condition number="393" type="jump" coverage="100%" />
              </conditions>
            </line>
            <line number="74" hits="412" branch="True" condition-coverage="100% (2/2)">
              <conditions>
                <condition number="44" type="jump" coverage="100%" />
              </conditions>
            </line>
            <line number="76" hits="410" branch="False" />
            <line number="77" hits="444" branch="True" condition-coverage="100% (2/2)">
              <conditions>
                <condition number="87" type="jump" coverage="100%" />
              </conditions>
            </line>
            <line number="78" hits="34" branch="False" />
            <line number="80" hits="34" branch="False" />
            <line number="84" hits="207" branch="True" condition-coverage="100% (2/2)">
              <conditions>
                <condition number="215" type="jump" coverage="100%" />
              </conditions>
            </line>
            <line number="85" hits="35" branch="True" condition-coverage="100% (2/2)">
              <conditions>
                <condition number="148" type="jump" coverage="100%" />
              </conditions>
            </line>
            <line number="86" hits="39" branch="True" condition-coverage="100% (2/2)">
              <conditions>
                <condition number="167" type="jump" coverage="100%" />
              </conditions>
            </line>
            <line number="87" hits="31" branch="False" />
            <line number="88" hits="62" branch="True" condition-coverage="50% (1/2)">
              <conditions>
                <condition number="198" type="jump" coverage="50%" />
              </conditions>
            </line>
            <line number="89" hits="0" branch="False" />
            <line number="91" hits="34" branch="False" />
            <line number="92" hits="34" branch="False" />
            <line number="93" hits="34" branch="False" />
            <line number="94" hits="0" branch="False" />
            <line number="95" hits="0" branch="False" />
            <line number="96" hits="0" branch="False" />
            <line number="98" hits="34" branch="False" />
            <line number="99" hits="410" branch="False" />
            <line number="100" hits="28" branch="False" />
            <line number="109" hits="35" branch="False" />
            <line number="110" hits="35" branch="True" condition-coverage="50% (1/2)">
              <conditions>
                <condition number="12" type="jump" coverage="50%" />
              </conditions>
            </line>
            <line number="111" hits="66" branch="True" condition-coverage="100% (2/2)">
              <conditions>
                <condition number="32" type="jump" coverage="100%" />
              </conditions>
            </line>
            <line number="112" hits="4" branch="True" condition-coverage="50% (1/2)">
              <conditions>
                <condition number="46" type="jump" coverage="50%" />
              </conditions>
            </line>
            <line number="113" hits="0" branch="False" />
            <line number="114" hits="0" branch="False" />
            <line number="116" hits="4" branch="False" />
            <line number="117" hits="35" branch="False" />
            <line number="119" hits="31" branch="False" />
            <line number="120" hits="31" branch="True" condition-coverage="100% (2/2)">
              <conditions>
                <condition number="12" type="jump" coverage="100%" />
              </conditions>
            </line>
            <line number="121" hits="62" branch="True" condition-coverage="50% (1/2)">
              <conditions>
                <condition number="30" type="jump" coverage="50%" />
              </conditions>
            </line>
            <line number="122" hits="0" branch="False" />
            <line number="123" hits="31" branch="False" />
            <line number="132" hits="35" branch="False" />
            <line number="133" hits="35" branch="False" />
            <line number="134" hits="66" branch="True" condition-coverage="100% (2/2)">
              <conditions>
                <condition number="14" type="jump" coverage="100%" />
              </conditions>
            </line>
            <line number="135" hits="4" branch="False" />
            <line number="136" hits="4" branch="False" />
            <line number="137" hits="35" branch="False" />
            <line number="146" hits="31" branch="False" />
            <line number="147" hits="31" branch="False" />
            <line number="148" hits="31" branch="False" />
            <line number="149" hits="31" branch="False" />
            <line number="150" hits="31" branch="True" condition-coverage="50% (1/2)">
              <conditions>
                <condition number="48" type="jump" coverage="50%" />
              </conditions>
            </line>
            <line number="152" hits="31" branch="False" />
            <line number="154" hits="31" branch="True" condition-coverage="96.66% (58/60)">
              <conditions>
                <condition number="101" type="jump" coverage="100%" />
                <condition number="110" type="jump" coverage="100%" />
                <condition number="119" type="jump" coverage="100%" />
                <condition number="133" type="jump" coverage="50%" />
                <condition number="164" type="jump" coverage="100%" />
                <condition number="178" type="jump" coverage="100%" />
                <condition number="209" type="jump" coverage="100%" />
                <condition number="218" type="jump" coverage="100%" />
                <condition number="232" type="jump" coverage="100%" />
                <condition number="263" type="jump" coverage="100%" />
                <condition number="272" type="jump" coverage="100%" />
                <condition number="297" type="jump" coverage="100%" />
                <condition number="283" type="jump" coverage="100%" />
                <condition number="246" type="jump" coverage="100%" />
                <condition number="192" type="jump" coverage="100%" />
                <condition number="311" type="jump" coverage="100%" />
                <condition number="147" type="jump" coverage="100%" />
                <condition number="332" type="jump" coverage="100%" />
                <condition number="353" type="jump" coverage="100%" />
                <condition number="374" type="jump" coverage="100%" />
                <condition number="395" type="jump" coverage="100%" />
                <condition number="416" type="jump" coverage="100%" />
                <condition number="437" type="jump" coverage="50%" />
                <condition number="458" type="jump" coverage="100%" />
                <condition number="479" type="jump" coverage="100%" />
                <condition number="500" type="jump" coverage="100%" />
                <condition number="521" type="jump" coverage="100%" />
                <condition number="542" type="jump" coverage="100%" />
                <condition number="563" type="jump" coverage="100%" />
                <condition number="584" type="jump" coverage="100%" />
              </conditions>
            </line>
            <line number="156" hits="3" branch="False" />
            <line number="157" hits="3" branch="False" />
            <line number="159" hits="2" branch="False" />
            <line number="160" hits="2" branch="False" />
            <line number="162" hits="2" branch="False" />
            <line number="163" hits="2" branch="False" />
            <line number="165" hits="1" branch="False" />
            <line number="166" hits="1" branch="False" />
            <line number="168" hits="2" branch="False" />
            <line number="169" hits="2" branch="False" />
            <line number="171" hits="0" branch="False" />
            <line number="172" hits="0" branch="False" />
            <line number="174" hits="2" branch="False" />
            <line number="175" hits="2" branch="False" />
            <line number="177" hits="2" branch="False" />
            <line number="178" hits="2" branch="False" />
            <line number="180" hits="2" branch="False" />
            <line number="181" hits="2" branch="False" />
            <line number="183" hits="2" branch="False" />
            <line number="184" hits="2" branch="False" />
            <line number="186" hits="2" branch="False" />
            <line number="187" hits="2" branch="False" />
            <line number="189" hits="2" branch="False" />
            <line number="190" hits="2" branch="False" />
            <line number="192" hits="2" branch="False" />
            <line number="193" hits="2" branch="False" />
            <line number="195" hits="7" branch="False" />
            <line number="196" hits="7" branch="False" />
            <line number="199" hits="31" branch="False" />
            <line number="200" hits="31" branch="False" />
            <line number="201" hits="31" branch="False" />
            <line number="11" hits="27" branch="False" />
            <line number="12" hits="27" branch="False" />
            <line number="20" hits="27" branch="False" />
          </lines>
        </class>
        <class name="frar.clientserver.Connection" filename="Connection.cs" line-rate="0.7619" branch-rate="0.75" complexity="17">
          <methods>
            <method name="ConnectTo" signature="(System.String,System.Int32)" line-rate="0" branch-rate="1" complexity="1">
              <lines>
                <line number="14" hits="0" branch="False" />
                <line number="15" hits="0" branch="False" />
                <line number="16" hits="0" branch="False" />
                <line number="17" hits="0" branch="False" />
                <line number="18" hits="0" branch="False" />
                <line number="19" hits="0" branch="False" />
                <line number="20" hits="0" branch="False" />
                <line number="21" hits="0" branch="False" />
              </lines>
            </method>
            <method name="ReadSize" signature="()" line-rate="0.8571" branch-rate="0.5" complexity="2">
              <lines>
                <line number="31" hits="5" branch="False" />
                <line number="32" hits="5" branch="False" />
                <line number="33" hits="5" branch="False" />
                <line number="35" hits="10" branch="True" condition-coverage="50% (1/2)">
                  <conditions>
                    <condition number="41" type="jump" coverage="50%" />
                  </conditions>
                </line>
                <line number="36" hits="5" branch="False" />
                <line number="38" hits="0" branch="False" />
                <line number="39" hits="5" branch="False" />
              </lines>
            </method>
            <method name="ReadString" signature="(System.Int32)" line-rate="1" branch-rate="0.8332999999999999" complexity="6">
              <lines>
                <line number="41" hits="5" branch="False" />
                <line number="42" hits="5" branch="False" />
                <line number="43" hits="5" branch="False" />
                <line number="44" hits="5" branch="False" />
                <line number="46" hits="15" branch="True" condition-coverage="100% (2/2)">
                  <conditions>
                    <condition number="104" type="jump" coverage="100%" />
                  </conditions>
                </line>
                <line number="47" hits="5" branch="True" condition-coverage="50% (1/2)">
                  <conditions>
                    <condition number="29" type="jump" coverage="50%" />
                  </conditions>
                </line>
                <line number="48" hits="5" branch="False" />
                <line number="49" hits="5" branch="True" condition-coverage="100% (2/2)">
                  <conditions>
                    <condition number="65" type="jump" coverage="100%" />
                  </conditions>
                </line>
                <line number="50" hits="5" branch="False" />
                <line number="51" hits="5" branch="False" />
                <line number="52" hits="5" branch="False" />
                <line number="54" hits="5" branch="False" />
                <line number="55" hits="5" branch="False" />
              </lines>
            </method>
            <method name="Read" signature="()" line-rate="0.5454" branch-rate="0.5" complexity="2">
              <lines>
                <line number="66" hits="5" branch="False" />
                <line number="67" hits="5" branch="False" />
                <line number="68" hits="5" branch="False" />
                <line number="69" hits="5" branch="False" />
                <line number="70" hits="10" branch="True" condition-coverage="50% (1/2)">
                  <conditions>
                    <condition number="30" type="jump" coverage="50%" />
                  </conditions>
                </line>
                <line number="72" hits="0" branch="False" />
                <line number="73" hits="0" branch="False" />
                <line number="74" hits="0" branch="False" />
                <line number="76" hits="0" branch="False" />
                <line number="77" hits="0" branch="False" />
                <line number="79" hits="5" branch="False" />
              </lines>
            </method>
            <method name="Write" signature="(frar.clientserver.Packet)" line-rate="1" branch-rate="1" complexity="1">
              <lines>
                <line number="85" hits="5" branch="False" />
                <line number="86" hits="5" branch="False" />
                <line number="87" hits="5" branch="False" />
              </lines>
            </method>
            <method name="Write" signature="(System.String)" line-rate="1" branch-rate="1" complexity="1">
              <lines>
                <line number="93" hits="5" branch="False" />
                <line number="94" hits="5" branch="False" />
                <line number="95" hits="5" branch="False" />
                <line number="96" hits="5" branch="False" />
                <line number="97" hits="5" branch="False" />
                <line number="98" hits="5" branch="False" />
                <line number="99" hits="5" branch="False" />
              </lines>
            </method>
            <method name="Shutdown" signature="()" line-rate="0.8887999999999999" branch-rate="1" complexity="2">
              <lines>
                <line number="104" hits="6" branch="False" />
                <line number="105" hits="12" branch="True" condition-coverage="100% (2/2)">
                  <conditions>
                    <condition number="12" type="jump" coverage="100%" />
                  </conditions>
                </line>
                <line number="106" hits="6" branch="False" />
                <line number="107" hits="6" branch="False" />
                <line number="108" hits="6" branch="False" />
                <line number="109" hits="6" branch="False" />
                <line number="110" hits="0" branch="False" />
                <line number="111" hits="6" branch="False" />
                <line number="112" hits="6" branch="False" />
              </lines>
            </method>
            <method name=".ctor" signature="(System.Net.Sockets.Socket)" line-rate="1" branch-rate="1" complexity="1">
              <lines>
                <line number="27" hits="12" branch="False" />
                <line number="28" hits="6" branch="False" />
                <line number="29" hits="6" branch="False" />
              </lines>
            </method>
            <method name=".cctor" signature="()" line-rate="1" branch-rate="1" complexity="1">
              <lines>
                <line number="10" hits="1" branch="False" />
                <line number="11" hits="1" branch="False" />
              </lines>
            </method>
          </methods>
          <lines>
            <line number="14" hits="0" branch="False" />
            <line number="15" hits="0" branch="False" />
            <line number="16" hits="0" branch="False" />
            <line number="17" hits="0" branch="False" />
            <line number="18" hits="0" branch="False" />
            <line number="19" hits="0" branch="False" />
            <line number="20" hits="0" branch="False" />
            <line number="21" hits="0" branch="False" />
            <line number="31" hits="5" branch="False" />
            <line number="32" hits="5" branch="False" />
            <line number="33" hits="5" branch="False" />
            <line number="35" hits="10" branch="True" condition-coverage="50% (1/2)">
              <conditions>
                <condition number="41" type="jump" coverage="50%" />
              </conditions>
            </line>
            <line number="36" hits="5" branch="False" />
            <line number="38" hits="0" branch="False" />
            <line number="39" hits="5" branch="False" />
            <line number="41" hits="5" branch="False" />
            <line number="42" hits="5" branch="False" />
            <line number="43" hits="5" branch="False" />
            <line number="44" hits="5" branch="False" />
            <line number="46" hits="15" branch="True" condition-coverage="100% (2/2)">
              <conditions>
                <condition number="104" type="jump" coverage="100%" />
              </conditions>
            </line>
            <line number="47" hits="5" branch="True" condition-coverage="50% (1/2)">
              <conditions>
                <condition number="29" type="jump" coverage="50%" />
              </conditions>
            </line>
            <line number="48" hits="5" branch="False" />
            <line number="49" hits="5" branch="True" condition-coverage="100% (2/2)">
              <conditions>
                <condition number="65" type="jump" coverage="100%" />
              </conditions>
            </line>
            <line number="50" hits="5" branch="False" />
            <line number="51" hits="5" branch="False" />
            <line number="52" hits="5" branch="False" />
            <line number="54" hits="5" branch="False" />
            <line number="55" hits="5" branch="False" />
            <line number="66" hits="5" branch="False" />
            <line number="67" hits="5" branch="False" />
            <line number="68" hits="5" branch="False" />
            <line number="69" hits="5" branch="False" />
            <line number="70" hits="10" branch="True" condition-coverage="50% (1/2)">
              <conditions>
                <condition number="30" type="jump" coverage="50%" />
              </conditions>
            </line>
            <line number="72" hits="0" branch="False" />
            <line number="73" hits="0" branch="False" />
            <line number="74" hits="0" branch="False" />
            <line number="76" hits="0" branch="False" />
            <line number="77" hits="0" branch="False" />
            <line number="79" hits="5" branch="False" />
            <line number="85" hits="5" branch="False" />
            <line number="86" hits="5" branch="False" />
            <line number="87" hits="5" branch="False" />
            <line number="93" hits="5" branch="False" />
            <line number="94" hits="5" branch="False" />
            <line number="95" hits="5" branch="False" />
            <line number="96" hits="5" branch="False" />
            <line number="97" hits="5" branch="False" />
            <line number="98" hits="5" branch="False" />
            <line number="99" hits="5" branch="False" />
            <line number="104" hits="6" branch="False" />
            <line number="105" hits="12" branch="True" condition-coverage="100% (2/2)">
              <conditions>
                <condition number="12" type="jump" coverage="100%" />
              </conditions>
            </line>
            <line number="106" hits="6" branch="False" />
            <line number="107" hits="6" branch="False" />
            <line number="108" hits="6" branch="False" />
            <line number="109" hits="6" branch="False" />
            <line number="110" hits="0" branch="False" />
            <line number="111" hits="6" branch="False" />
            <line number="112" hits="6" branch="False" />
            <line number="27" hits="12" branch="False" />
            <line number="28" hits="6" branch="False" />
            <line number="29" hits="6" branch="False" />
            <line number="10" hits="1" branch="False" />
            <line number="11" hits="1" branch="False" />
          </lines>
        </class>
        <class name="frar.clientserver.ConnectionException" filename="ConnectionException.cs" line-rate="0" branch-rate="1" complexity="3">
          <methods>
            <method name=".ctor" signature="()" line-rate="0" branch-rate="1" complexity="1">
              <lines>
                <line number="8" hits="0" branch="False" />
              </lines>
            </method>
            <method name=".ctor" signature="(System.String)" line-rate="0" branch-rate="1" complexity="1">
              <lines>
                <line number="11" hits="0" branch="False" />
              </lines>
            </method>
            <method name=".ctor" signature="(System.String,System.Exception)" line-rate="0" branch-rate="1" complexity="1">
              <lines>
                <line number="14" hits="0" branch="False" />
              </lines>
            </method>
          </methods>
          <lines>
            <line number="8" hits="0" branch="False" />
            <line number="11" hits="0" branch="False" />
            <line number="14" hits="0" branch="False" />
          </lines>
        </class>
        <class name="frar.clientserver.Packet" filename="Packet.cs" line-rate="0.9062" branch-rate="1" complexity="13">
          <methods>
            <method name="get_Action" signature="()" line-rate="1" branch-rate="1" complexity="1">
              <lines>
                <line number="17" hits="1278" branch="False" />
              </lines>
            </method>
            <method name="get_Item" signature="(System.String)" line-rate="1" branch-rate="1" complexity="1">
              <lines>
                <line number="21" hits="96" branch="False" />
              </lines>
            </method>
            <method name="set_Item" signature="(System.String,System.Object)" line-rate="1" branch-rate="1" complexity="1">
              <lines>
                <line number="22" hits="6" branch="False" />
              </lines>
            </method>
            <method name="get_Parameters" signature="()" line-rate="1" branch-rate="1" complexity="1">
              <lines>
                <line number="26" hits="132" branch="False" />
              </lines>
            </method>
            <method name="get_Data" signature="()" line-rate="0" branch-rate="1" complexity="1">
              <lines>
                <line number="31" hits="0" branch="False" />
              </lines>
            </method>
            <method name="FromString" signature="(System.String)" line-rate="1" branch-rate="1" complexity="1">
              <lines>
                <line number="46" hits="33" branch="False" />
                <line number="47" hits="33" branch="False" />
                <line number="48" hits="33" branch="False" />
                <line number="49" hits="33" branch="False" />
                <line number="50" hits="33" branch="False" />
                <line number="51" hits="33" branch="False" />
              </lines>
            </method>
            <method name="Set" signature="(System.String,System.IConvertible)" line-rate="1" branch-rate="1" complexity="2">
              <lines>
                <line number="60" hits="6" branch="False" />
                <line number="61" hits="7" branch="True" condition-coverage="100% (2/2)">
                  <conditions>
                    <condition number="15" type="jump" coverage="100%" />
                  </conditions>
                </line>
                <line number="62" hits="6" branch="False" />
                <line number="63" hits="6" branch="False" />
                <line number="64" hits="6" branch="False" />
              </lines>
            </method>
            <method name="Has" signature="(System.String)" line-rate="1" branch-rate="1" complexity="1">
              <lines>
                <line number="71" hits="66" branch="False" />
                <line number="72" hits="66" branch="False" />
                <line number="73" hits="66" branch="False" />
              </lines>
            </method>
            <method name="ToString" signature="()" line-rate="1" branch-rate="1" complexity="1">
              <lines>
                <line number="79" hits="6" branch="False" />
                <line number="80" hits="6" branch="False" />
                <line number="81" hits="6" branch="False" />
              </lines>
            </method>
            <method name="ToString" signature="(Newtonsoft.Json.Formatting)" line-rate="1" branch-rate="1" complexity="1">
              <lines>
                <line number="87" hits="5" branch="False" />
                <line number="88" hits="5" branch="False" />
                <line number="89" hits="5" branch="False" />
              </lines>
            </method>
            <method name=".ctor" signature="(System.String)" line-rate="1" branch-rate="1" complexity="1">
              <lines>
                <line number="13" hits="41" branch="False" />
                <line number="14" hits="41" branch="False" />
                <line number="38" hits="82" branch="False" />
                <line number="39" hits="41" branch="False" />
                <line number="40" hits="41" branch="False" />
              </lines>
            </method>
            <method name=".cctor" signature="()" line-rate="0" branch-rate="1" complexity="1">
              <lines>
                <line number="9" hits="0" branch="False" />
                <line number="10" hits="0" branch="False" />
              </lines>
            </method>
          </methods>
          <lines>
            <line number="17" hits="1278" branch="False" />
            <line number="21" hits="96" branch="False" />
            <line number="22" hits="6" branch="False" />
            <line number="26" hits="132" branch="False" />
            <line number="31" hits="0" branch="False" />
            <line number="46" hits="33" branch="False" />
            <line number="47" hits="33" branch="False" />
            <line number="48" hits="33" branch="False" />
            <line number="49" hits="33" branch="False" />
            <line number="50" hits="33" branch="False" />
            <line number="51" hits="33" branch="False" />
            <line number="60" hits="6" branch="False" />
            <line number="61" hits="7" branch="True" condition-coverage="100% (2/2)">
              <conditions>
                <condition number="15" type="jump" coverage="100%" />
              </conditions>
            </line>
            <line number="62" hits="6" branch="False" />
            <line number="63" hits="6" branch="False" />
            <line number="64" hits="6" branch="False" />
            <line number="71" hits="66" branch="False" />
            <line number="72" hits="66" branch="False" />
            <line number="73" hits="66" branch="False" />
            <line number="79" hits="6" branch="False" />
            <line number="80" hits="6" branch="False" />
            <line number="81" hits="6" branch="False" />
            <line number="87" hits="5" branch="False" />
            <line number="88" hits="5" branch="False" />
            <line number="89" hits="5" branch="False" />
            <line number="13" hits="41" branch="False" />
            <line number="14" hits="41" branch="False" />
            <line number="38" hits="82" branch="False" />
            <line number="39" hits="41" branch="False" />
            <line number="40" hits="41" branch="False" />
            <line number="9" hits="0" branch="False" />
            <line number="10" hits="0" branch="False" />
          </lines>
        </class>
        <class name="frar.clientserver.Server`1" filename="Server.cs" line-rate="0" branch-rate="0" complexity="14">
          <methods>
            <method name="get_socket" signature="()" line-rate="0" branch-rate="1" complexity="1">
              <lines>
                <line number="14" hits="0" branch="False" />
              </lines>
            </method>
            <method name="get_isRunning" signature="()" line-rate="0" branch-rate="1" complexity="1">
              <lines>
                <line number="18" hits="0" branch="False" />
              </lines>
            </method>
            <method name="Connect" signature="(System.String,System.Int32)" line-rate="0" branch-rate="1" complexity="1">
              <lines>
                <line number="21" hits="0" branch="False" />
                <line number="22" hits="0" branch="False" />
                <line number="23" hits="0" branch="False" />
                <line number="24" hits="0" branch="False" />
              </lines>
            </method>
            <method name="Connect" signature="(System.Int32)" line-rate="0" branch-rate="1" complexity="1">
              <lines>
                <line number="27" hits="0" branch="False" />
                <line number="28" hits="0" branch="False" />
                <line number="29" hits="0" branch="False" />
              </lines>
            </method>
            <method name="Connect" signature="(System.Net.IPAddress,System.Int32)" line-rate="0" branch-rate="1" complexity="1">
              <lines>
                <line number="31" hits="0" branch="False" />
                <line number="32" hits="0" branch="False" />
                <line number="33" hits="0" branch="False" />
                <line number="34" hits="0" branch="False" />
                <line number="35" hits="0" branch="False" />
                <line number="36" hits="0" branch="False" />
                <line number="37" hits="0" branch="False" />
              </lines>
            </method>
            <method name="Listen" signature="()" line-rate="0" branch-rate="0" complexity="2">
              <lines>
                <line number="42" hits="0" branch="False" />
                <line number="43" hits="0" branch="True" condition-coverage="0% (0/2)">
                  <conditions>
                    <condition number="12" type="jump" coverage="0%" />
                  </conditions>
                </line>
                <line number="44" hits="0" branch="False" />
                <line number="47" hits="0" branch="False" />
                <line number="48" hits="0" branch="False" />
                <line number="49" hits="0" branch="False" />
                <line number="50" hits="0" branch="False" />
                <line number="51" hits="0" branch="False" />
                <line number="52" hits="0" branch="False" />
                <line number="53" hits="0" branch="False" />
                <line number="54" hits="0" branch="False" />
                <line number="56" hits="0" branch="False" />
                <line number="57" hits="0" branch="False" />
                <line number="58" hits="0" branch="False" />
              </lines>
            </method>
            <method name="AcceptNext" signature="()" line-rate="0" branch-rate="1" complexity="1">
              <lines>
                <line number="73" hits="0" branch="False" />
                <line number="74" hits="0" branch="False" />
                <line number="75" hits="0" branch="False" />
                <line number="76" hits="0" branch="False" />
                <line number="77" hits="0" branch="False" />
                <line number="78" hits="0" branch="False" />
                <line number="79" hits="0" branch="False" />
              </lines>
            </method>
            <method name="Shutdown" signature="()" line-rate="0" branch-rate="1" complexity="1">
              <lines>
                <line number="82" hits="0" branch="False" />
                <line number="83" hits="0" branch="False" />
                <line number="84" hits="0" branch="False" />
                <line number="85" hits="0" branch="False" />
                <line number="86" hits="0" branch="False" />
                <line number="87" hits="0" branch="False" />
                <line number="88" hits="0" branch="False" />
                <line number="89" hits="0" branch="False" />
                <line number="90" hits="0" branch="False" />
              </lines>
            </method>
            <method name=".ctor" signature="()" line-rate="0" branch-rate="1" complexity="1">
              <lines>
                <line number="15" hits="0" branch="False" />
                <line number="19" hits="0" branch="False" />
              </lines>
            </method>
          </methods>
          <lines>
            <line number="14" hits="0" branch="False" />
            <line number="18" hits="0" branch="False" />
            <line number="21" hits="0" branch="False" />
            <line number="22" hits="0" branch="False" />
            <line number="23" hits="0" branch="False" />
            <line number="24" hits="0" branch="False" />
            <line number="27" hits="0" branch="False" />
            <line number="28" hits="0" branch="False" />
            <line number="29" hits="0" branch="False" />
            <line number="31" hits="0" branch="False" />
            <line number="32" hits="0" branch="False" />
            <line number="33" hits="0" branch="False" />
            <line number="34" hits="0" branch="False" />
            <line number="35" hits="0" branch="False" />
            <line number="36" hits="0" branch="False" />
            <line number="37" hits="0" branch="False" />
            <line number="42" hits="0" branch="False" />
            <line number="43" hits="0" branch="True" condition-coverage="0% (0/2)">
              <conditions>
                <condition number="12" type="jump" coverage="0%" />
              </conditions>
            </line>
            <line number="44" hits="0" branch="False" />
            <line number="47" hits="0" branch="False" />
            <line number="48" hits="0" branch="False" />
            <line number="49" hits="0" branch="False" />
            <line number="50" hits="0" branch="False" />
            <line number="51" hits="0" branch="False" />
            <line number="52" hits="0" branch="False" />
            <line number="53" hits="0" branch="False" />
            <line number="54" hits="0" branch="False" />
            <line number="56" hits="0" branch="False" />
            <line number="57" hits="0" branch="False" />
            <line number="58" hits="0" branch="False" />
            <line number="73" hits="0" branch="False" />
            <line number="74" hits="0" branch="False" />
            <line number="75" hits="0" branch="False" />
            <line number="76" hits="0" branch="False" />
            <line number="77" hits="0" branch="False" />
            <line number="78" hits="0" branch="False" />
            <line number="79" hits="0" branch="False" />
            <line number="82" hits="0" branch="False" />
            <line number="83" hits="0" branch="False" />
            <line number="84" hits="0" branch="False" />
            <line number="85" hits="0" branch="False" />
            <line number="86" hits="0" branch="False" />
            <line number="87" hits="0" branch="False" />
            <line number="88" hits="0" branch="False" />
            <line number="89" hits="0" branch="False" />
            <line number="90" hits="0" branch="False" />
            <line number="15" hits="0" branch="False" />
            <line number="19" hits="0" branch="False" />
          </lines>
        </class>
        <class name="frar.clientserver.Server`1/&lt;Connections&gt;d__12" filename="Server.cs" line-rate="0" branch-rate="0" complexity="2">
          <methods>
            <method name="MoveNext" signature="()" line-rate="0" branch-rate="0" complexity="2">
              <lines>
                <line number="64" hits="0" branch="False" />
                <line number="65" hits="0" branch="True" condition-coverage="0% (0/2)">
                  <conditions>
                    <condition number="82" type="jump" coverage="0%" />
                  </conditions>
                </line>
                <line number="66" hits="0" branch="False" />
                <line number="67" hits="0" branch="False" />
                <line number="68" hits="0" branch="False" />
              </lines>
            </method>
          </methods>
          <lines>
            <line number="64" hits="0" branch="False" />
            <line number="65" hits="0" branch="True" condition-coverage="0% (0/2)">
              <conditions>
                <condition number="82" type="jump" coverage="0%" />
              </conditions>
            </line>
            <line number="66" hits="0" branch="False" />
            <line number="67" hits="0" branch="False" />
            <line number="68" hits="0" branch="False" />
          </lines>
        </class>
        <class name="frar.clientserver.ServerNotStartedException" filename="Server.cs" line-rate="0" branch-rate="1" complexity="2">
          <methods>
            <method name=".ctor" signature="()" line-rate="0" branch-rate="1" complexity="1">
              <lines>
                <line number="100" hits="0" branch="False" />
              </lines>
            </method>
            <method name=".cctor" signature="()" line-rate="0" branch-rate="1" complexity="1">
              <lines>
                <line number="98" hits="0" branch="False" />
              </lines>
            </method>
          </methods>
          <lines>
            <line number="100" hits="0" branch="False" />
            <line number="98" hits="0" branch="False" />
          </lines>
        </class>
        <class name="frar.clientserver.ThreadedConnHnd" filename="ThreadedConnHnd.cs" line-rate="0.04650000000000001" branch-rate="0" complexity="12">
          <methods>
            <method name="get_Connection" signature="()" line-rate="0" branch-rate="0" complexity="2">
              <lines>
                <line number="18" hits="0" branch="False" />
                <line number="19" hits="0" branch="True" condition-coverage="0% (0/2)">
                  <conditions>
                    <condition number="12" type="jump" coverage="0%" />
                  </conditions>
                </line>
                <line number="20" hits="0" branch="False" />
                <line number="21" hits="0" branch="False" />
              </lines>
            </method>
            <method name="set_Connection" signature="(frar.clientserver.Connection)" line-rate="0" branch-rate="1" complexity="1">
              <lines>
                <line number="22" hits="0" branch="False" />
                <line number="23" hits="0" branch="False" />
                <line number="24" hits="0" branch="False" />
              </lines>
            </method>
            <method name="OnConnect" signature="(frar.clientserver.Connection)" line-rate="0" branch-rate="0" complexity="6">
              <lines>
                <line number="27" hits="0" branch="False" />
                <line number="28" hits="0" branch="False" />
                <line number="29" hits="0" branch="False" />
                <line number="30" hits="0" branch="False" />
                <line number="31" hits="0" branch="True" condition-coverage="0% (0/2)">
                  <conditions>
                    <condition number="133" type="jump" coverage="0%" />
                  </conditions>
                </line>
                <line number="32" hits="0" branch="False" />
                <line number="33" hits="0" branch="False" />
                <line number="34" hits="0" branch="True" condition-coverage="0% (0/2)">
                  <conditions>
                    <condition number="23" type="jump" coverage="0%" />
                  </conditions>
                </line>
                <line number="35" hits="0" branch="False" />
                <line number="36" hits="0" branch="False" />
                <line number="37" hits="0" branch="False" />
                <line number="38" hits="0" branch="False" />
                <line number="39" hits="0" branch="False" />
                <line number="40" hits="0" branch="False" />
                <line number="41" hits="0" branch="False" />
                <line number="42" hits="0" branch="True" condition-coverage="0% (0/2)">
                  <conditions>
                    <condition number="87" type="jump" coverage="0%" />
                  </conditions>
                </line>
                <line number="43" hits="0" branch="False" />
                <line number="44" hits="0" branch="False" />
                <line number="45" hits="0" branch="False" />
                <line number="46" hits="0" branch="False" />
                <line number="47" hits="0" branch="False" />
                <line number="48" hits="0" branch="False" />
                <line number="49" hits="0" branch="False" />
                <line number="50" hits="0" branch="False" />
                <line number="51" hits="0" branch="False" />
              </lines>
            </method>
            <method name="OnDisconnect" signature="(frar.clientserver.DISCONNECT_REASON)" line-rate="0" branch-rate="1" complexity="1">
              <lines>
                <line number="67" hits="0" branch="False" />
              </lines>
            </method>
            <method name="ShutDown" signature="()" line-rate="0" branch-rate="1" complexity="1">
              <lines>
                <line number="72" hits="0" branch="False" />
                <line number="73" hits="0" branch="False" />
                <line number="74" hits="0" branch="False" />
                <line number="75" hits="0" branch="False" />
                <line number="76" hits="0" branch="False" />
                <line number="77" hits="0" branch="False" />
                <line number="78" hits="0" branch="False" />
                <line number="79" hits="0" branch="False" />
              </lines>
            </method>
            <method name=".ctor" signature="()" line-rate="1" branch-rate="1" complexity="1">
              <lines>
                <line number="13" hits="27" branch="False" />
                <line number="14" hits="27" branch="False" />
              </lines>
            </method>
          </methods>
          <lines>
            <line number="18" hits="0" branch="False" />
            <line number="19" hits="0" branch="True" condition-coverage="0% (0/2)">
              <conditions>
                <condition number="12" type="jump" coverage="0%" />
              </conditions>
            </line>
            <line number="20" hits="0" branch="False" />
            <line number="21" hits="0" branch="False" />
            <line number="22" hits="0" branch="False" />
            <line number="23" hits="0" branch="False" />
            <line number="24" hits="0" branch="False" />
            <line number="27" hits="0" branch="False" />
            <line number="28" hits="0" branch="False" />
            <line number="29" hits="0" branch="False" />
            <line number="30" hits="0" branch="False" />
            <line number="31" hits="0" branch="True" condition-coverage="0% (0/2)">
              <conditions>
                <condition number="133" type="jump" coverage="0%" />
              </conditions>
            </line>
            <line number="32" hits="0" branch="False" />
            <line number="33" hits="0" branch="False" />
            <line number="34" hits="0" branch="True" condition-coverage="0% (0/2)">
              <conditions>
                <condition number="23" type="jump" coverage="0%" />
              </conditions>
            </line>
            <line number="35" hits="0" branch="False" />
            <line number="36" hits="0" branch="False" />
            <line number="37" hits="0" branch="False" />
            <line number="38" hits="0" branch="False" />
            <line number="39" hits="0" branch="False" />
            <line number="40" hits="0" branch="False" />
            <line number="41" hits="0" branch="False" />
            <line number="42" hits="0" branch="True" condition-coverage="0% (0/2)">
              <conditions>
                <condition number="87" type="jump" coverage="0%" />
              </conditions>
            </line>
            <line number="43" hits="0" branch="False" />
            <line number="44" hits="0" branch="False" />
            <line number="45" hits="0" branch="False" />
            <line number="46" hits="0" branch="False" />
            <line number="47" hits="0" branch="False" />
            <line number="48" hits="0" branch="False" />
            <line number="49" hits="0" branch="False" />
            <line number="50" hits="0" branch="False" />
            <line number="51" hits="0" branch="False" />
            <line number="67" hits="0" branch="False" />
            <line number="72" hits="0" branch="False" />
            <line number="73" hits="0" branch="False" />
            <line number="74" hits="0" branch="False" />
            <line number="75" hits="0" branch="False" />
            <line number="76" hits="0" branch="False" />
            <line number="77" hits="0" branch="False" />
            <line number="78" hits="0" branch="False" />
            <line number="79" hits="0" branch="False" />
            <line number="13" hits="27" branch="False" />
            <line number="14" hits="27" branch="False" />
          </lines>
        </class>
      </classes>
    </package>
  </packages>
</coverage>